Arguments: 
  D:\nodejs\node.exe D:\nodejs\node_modules\yarn\bin\yarn.js add node-sass

PATH: 
  D:\xftp\;D:\xshell\;D:\oracle\product\10.2.0\db_1\bin;C:\Windows\system32;C:\Windows;C:\Windows\System32\Wbem;C:\Windows\System32\WindowsPowerShell\v1.0\;C:\Windows\System32\OpenSSH\;D:\git\Git\cmd;C:\Program Files\Java\jdk1.8.0_161\bin;D:\Maven\apache-maven-3.6.0\bin;D:\vscode\Microsoft VS Code\bin;D:\nodejs;D:\nodejs\node_global;D:\svn\bin;C:\Program Files\TortoiseSVN\bin;D:\svnServer\bin;C:\Program Files\MongoDB\Server\4.2\bin;C:\Users\RenewLG\AppData\Local\Microsoft\WindowsApps;;C:\Users\RenewLG\AppData\Local\Programs\Microsoft VS Code\bin;D:\fiddler

Yarn version: 
  1.19.1

Node version: 
  10.13.0

Platform: 
  win32 x64

Trace: 
  Error: ENOENT: no such file or directory, copyfile 'C:\Users\RenewLG\AppData\Local\Yarn\Cache\v6\npm-ansi-regex-3.0.0-ed0317c322064f79466c02966bddb605ab37d998-integrity\node_modules\ansi-regex\license' -> 'C:\Users\RenewLG\Desktop\前端培训\peixun1\training_task_me_1\node_modules\wide-align\node_modules\ansi-regex\license'

npm manifest: 
  {
    "name": "training_task_me_1",
    "version": "1.0.0",
    "main": "index.js",
    "license": "MIT",
    "scripts": {
      "start": "node-sass --watch sass/main.scss css/style.css"
    },
    "dependencies": {}
  }

yarn manifest: 
  No manifest

Lockfile: 
  # THIS IS AN AUTOGENERATED FILE. DO NOT EDIT THIS FILE DIRECTLY.
  # yarn lockfile v1
